# JRE version: OpenJDK Runtime Environment (8.0_152-b01) (build 1.8.0_152-release-1024-b01)
# Java VM: OpenJDK 64-Bit Server VM (25.152-b01 mixed mode bsd-amd64 compressed oops)
Heap:
 PSYoungGen      total 258048K, used 31137K [0x00000007a0000000, 0x00000007b3a00000, 0x00000007c0000000)
  eden space 219648K, 14% used [0x00000007a0000000,0x00000007a1e686e0,0x00000007ad680000)
  from space 38400K, 0% used [0x00000007b0100000,0x00000007b0100000,0x00000007b2680000)
  to   space 43520K, 0% used [0x00000007ad680000,0x00000007ad680000,0x00000007b0100000)
 ParOldGen       total 216576K, used 37867K [0x0000000760000000, 0x000000076d380000, 0x00000007a0000000)
  object space 216576K, 17% used [0x0000000760000000,0x00000007624faea0,0x000000076d380000)
 Metaspace       used 59599K, capacity 60713K, committed 60968K, reserved 1103872K
  class space    used 7153K, capacity 7419K, committed 7472K, reserved 1048576K
GC Heap History (10 events):
Event: 1.843 GC heap before
{Heap before GC invocations=8 (full 3):
 PSYoungGen      total 141824K, used 10738K [0x00000007a0000000, 0x00000007ac300000, 0x00000007c0000000)
  eden space 131072K, 0% used [0x00000007a0000000,0x00000007a0000000,0x00000007a8000000)
  from space 10752K, 99% used [0x00000007a8000000,0x00000007a8a7cb20,0x00000007a8a80000)
  to   space 10752K, 0% used [0x00000007ab880000,0x00000007ab880000,0x00000007ac300000)
 ParOldGen       total 94208K, used 17114K [0x0000000760000000, 0x0000000765c00000, 0x00000007a0000000)
  object space 94208K, 18% used [0x0000000760000000,0x00000007610b6930,0x0000000765c00000)
 Metaspace       used 34730K, capacity 35176K, committed 35496K, reserved 1081344K
  class space    used 4366K, capacity 4484K, committed 4528K, reserved 1048576K
Event: 1.899 GC heap after
Heap after GC invocations=8 (full 3):
 PSYoungGen      total 141824K, used 0K [0x00000007a0000000, 0x00000007ac300000, 0x00000007c0000000)
  eden space 131072K, 0% used [0x00000007a0000000,0x00000007a0000000,0x00000007a8000000)
  from space 10752K, 0% used [0x00000007a8000000,0x00000007a8000000,0x00000007a8a80000)
  to   space 10752K, 0% used [0x00000007ab880000,0x00000007ab880000,0x00000007ac300000)
 ParOldGen       total 159232K, used 23348K [0x0000000760000000, 0x0000000769b80000, 0x00000007a0000000)
  object space 159232K, 14% used [0x0000000760000000,0x00000007616cd2f0,0x0000000769b80000)
 Metaspace       used 34730K, capacity 35176K, committed 35496K, reserved 1081344K
  class space    used 4366K, capacity 4484K, committed 4528K, reserved 1048576K
}
Event: 3.228 GC heap before
{Heap before GC invocations=9 (full 3):
 PSYoungGen      total 141824K, used 131072K [0x00000007a0000000, 0x00000007ac300000, 0x00000007c0000000)
  eden space 131072K, 100% used [0x00000007a0000000,0x00000007a8000000,0x00000007a8000000)
  from space 10752K, 0% used [0x00000007a8000000,0x00000007a8000000,0x00000007a8a80000)
  to   space 10752K, 0% used [0x00000007ab880000,0x00000007ab880000,0x00000007ac300000)
 ParOldGen       total 159232K, used 23348K [0x0000000760000000, 0x0000000769b80000, 0x00000007a0000000)
  object space 159232K, 14% used [0x0000000760000000,0x00000007616cd2f0,0x0000000769b80000)
 Metaspace       used 46200K, capacity 46961K, committed 47272K, reserved 1091584K
  class space    used 5777K, capacity 5966K, committed 6064K, reserved 1048576K
Event: 3.245 GC heap after
Heap after GC invocations=9 (full 3):
 PSYoungGen      total 168960K, used 10730K [0x00000007a0000000, 0x00000007af700000, 0x00000007c0000000)
  eden space 158208K, 0% used [0x00000007a0000000,0x00000007a0000000,0x00000007a9a80000)
  from space 10752K, 99% used [0x00000007ab880000,0x00000007ac2fa8c8,0x00000007ac300000)
  to   space 30720K, 0% used [0x00000007a9a80000,0x00000007a9a80000,0x00000007ab880000)
 ParOldGen       total 159232K, used 39097K [0x0000000760000000, 0x0000000769b80000, 0x00000007a0000000)
  object space 159232K, 24% used [0x0000000760000000,0x000000076262e5b8,0x0000000769b80000)
 Metaspace       used 46200K, capacity 46961K, committed 47272K, reserved 1091584K
  class space    used 5777K, capacity 5966K, committed 6064K, reserved 1048576K
}
Event: 4.665 GC heap before
{Heap before GC invocations=10 (full 3):
 PSYoungGen      total 168960K, used 168938K [0x00000007a0000000, 0x00000007af700000, 0x00000007c0000000)
  eden space 158208K, 100% used [0x00000007a0000000,0x00000007a9a80000,0x00000007a9a80000)
  from space 10752K, 99% used [0x00000007ab880000,0x00000007ac2fa8c8,0x00000007ac300000)
  to   space 30720K, 0% used [0x00000007a9a80000,0x00000007a9a80000,0x00000007ab880000)
 ParOldGen       total 159232K, used 39097K [0x0000000760000000, 0x0000000769b80000, 0x00000007a0000000)
  object space 159232K, 24% used [0x0000000760000000,0x000000076262e5b8,0x0000000769b80000)
 Metaspace       used 55184K, capacity 56263K, committed 56616K, reserved 1099776K
  class space    used 6632K, capacity 6861K, committed 6960K, reserved 1048576K
Event: 4.686 GC heap after
Heap after GC invocations=10 (full 3):
 PSYoungGen      total 188928K, used 30718K [0x00000007a0000000, 0x00000007b2680000, 0x00000007c0000000)
  eden space 158208K, 0% used [0x00000007a0000000,0x00000007a0000000,0x00000007a9a80000)
  from space 30720K, 99% used [0x00000007a9a80000,0x00000007ab87fac8,0x00000007ab880000)
  to   space 38400K, 0% used [0x00000007b0100000,0x00000007b0100000,0x00000007b2680000)
 ParOldGen       total 159232K, used 41639K [0x0000000760000000, 0x0000000769b80000, 0x00000007a0000000)
  object space 159232K, 26% used [0x0000000760000000,0x00000007628a9d28,0x0000000769b80000)
 Metaspace       used 55184K, capacity 56263K, committed 56616K, reserved 1099776K
  class space    used 6632K, capacity 6861K, committed 6960K, reserved 1048576K
}
Event: 4.993 GC heap before
{Heap before GC invocations=11 (full 3):
 PSYoungGen      total 188928K, used 82641K [0x00000007a0000000, 0x00000007b2680000, 0x00000007c0000000)
  eden space 158208K, 32% used [0x00000007a0000000,0x00000007a32b4cc8,0x00000007a9a80000)
  from space 30720K, 99% used [0x00000007a9a80000,0x00000007ab87fac8,0x00000007ab880000)
  to   space 38400K, 0% used [0x00000007b0100000,0x00000007b0100000,0x00000007b2680000)
 ParOldGen       total 159232K, used 41639K [0x0000000760000000, 0x0000000769b80000, 0x00000007a0000000)
  object space 159232K, 26% used [0x0000000760000000,0x00000007628a9d28,0x0000000769b80000)
 Metaspace       used 57881K, capacity 58969K, committed 59160K, reserved 1101824K
  class space    used 6986K, capacity 7247K, committed 7344K, reserved 1048576K
Event: 5.014 GC heap after
Heap after GC invocations=11 (full 3):
 PSYoungGen      total 258048K, used 34570K [0x00000007a0000000, 0x00000007b3a00000, 0x00000007c0000000)
  eden space 219648K, 0% used [0x00000007a0000000,0x00000007a0000000,0x00000007ad680000)
  from space 38400K, 90% used [0x00000007b0100000,0x00000007b22c2888,0x00000007b2680000)
  to   space 43520K, 0% used [0x00000007ad680000,0x00000007ad680000,0x00000007b0100000)
 ParOldGen       total 159232K, used 41717K [0x0000000760000000, 0x0000000769b80000, 0x00000007a0000000)
  object space 159232K, 26% used [0x0000000760000000,0x00000007628bd4c8,0x0000000769b80000)
 Metaspace       used 57881K, capacity 58969K, committed 59160K, reserved 1101824K
  class space    used 6986K, capacity 7247K, committed 7344K, reserved 1048576K
}
Event: 5.014 GC heap before
{Heap before GC invocations=12 (full 4):
 PSYoungGen      total 258048K, used 34570K [0x00000007a0000000, 0x00000007b3a00000, 0x00000007c0000000)
  eden space 219648K, 0% used [0x00000007a0000000,0x00000007a0000000,0x00000007ad680000)
  from space 38400K, 90% used [0x00000007b0100000,0x00000007b22c2888,0x00000007b2680000)
  to   space 43520K, 0% used [0x00000007ad680000,0x00000007ad680000,0x00000007b0100000)
 ParOldGen       total 159232K, used 41717K [0x0000000760000000, 0x0000000769b80000, 0x00000007a0000000)
  object space 159232K, 26% used [0x0000000760000000,0x00000007628bd4c8,0x0000000769b80000)
 Metaspace       used 57881K, capacity 58969K, committed 59160K, reserved 1101824K
  class space    used 6986K, capacity 7247K, committed 7344K, reserved 1048576K
Event: 5.108 GC heap after
Heap after GC invocations=12 (full 4):
 PSYoungGen      total 258048K, used 0K [0x00000007a0000000, 0x00000007b3a00000, 0x00000007c0000000)
  eden space 219648K, 0% used [0x00000007a0000000,0x00000007a0000000,0x00000007ad680000)
  from space 38400K, 0% used [0x00000007b0100000,0x00000007b0100000,0x00000007b2680000)
  to   space 43520K, 0% used [0x00000007ad680000,0x00000007ad680000,0x00000007b0100000)
 ParOldGen       total 216576K, used 37867K [0x0000000760000000, 0x000000076d380000, 0x00000007a0000000)
  object space 216576K, 17% used [0x0000000760000000,0x00000007624faea0,0x000000076d380000)
 Metaspace       used 57881K, capacity 58969K, committed 59160K, reserved 1101824K
  class space    used 6986K, capacity 7247K, committed 7344K, reserved 1048576K
}

